selfieshot/manifest-merger-release-report.txt
-- Merging decision tree log ---
manifest
ADDED from AndroidManifest.xml:1:1
	package
		ADDED from AndroidManifest.xml:2:5
	android:versionName
		INJECTED from AndroidManifest.xml:0:0
		INJECTED from AndroidManifest.xml:0:0
	xmlns:android
		ADDED from AndroidManifest.xml:1:11
	android:versionCode
		INJECTED from AndroidManifest.xml:0:0
		INJECTED from AndroidManifest.xml:0:0
uses-permission#android.permission.WRITE_EXTERNAL_STORAGE
ADDED from AndroidManifest.xml:4:5
	android:name
		ADDED from AndroidManifest.xml:4:22
uses-permission#android.permission.READ_EXTERNAL_STORAGE
ADDED from AndroidManifest.xml:5:5
	android:name
		ADDED from AndroidManifest.xml:5:22
uses-permission#android.permission.MANAGE_DOCUMENTS
ADDED from AndroidManifest.xml:6:5
	android:name
		ADDED from AndroidManifest.xml:6:22
uses-permission#android.permission.CAMERA
ADDED from AndroidManifest.xml:8:5
	android:name
		ADDED from AndroidManifest.xml:8:22
uses-permission#android.permission.INTERNET
ADDED from AndroidManifest.xml:10:5
MERGED from com.google.android.gms:play-services-ads:8.4.0:20:5
MERGED from com.crashlytics.sdk.android:crashlytics:2.5.5:9:5
MERGED from com.crashlytics.sdk.android:answers:1.3.6:9:5
MERGED from io.fabric.sdk.android:fabric:1.3.10:25:5
MERGED from com.crashlytics.sdk.android:crashlytics-core:2.3.8:9:5
MERGED from com.crashlytics.sdk.android:answers:1.3.6:9:5
MERGED from io.fabric.sdk.android:fabric:1.3.10:25:5
MERGED from io.fabric.sdk.android:fabric:1.3.10:25:5
MERGED from io.fabric.sdk.android:fabric:1.3.10:25:5
MERGED from com.crashlytics.sdk.android:beta:1.1.4:9:5
MERGED from io.fabric.sdk.android:fabric:1.3.10:25:5
MERGED from com.crashlytics.sdk.android:crashlytics-core:2.3.8:9:5
MERGED from com.crashlytics.sdk.android:answers:1.3.6:9:5
MERGED from io.fabric.sdk.android:fabric:1.3.10:25:5
MERGED from io.fabric.sdk.android:fabric:1.3.10:25:5
	android:name
		ADDED from AndroidManifest.xml:10:22
application
ADDED from AndroidManifest.xml:12:5
MERGED from com.android.support:recyclerview-v7:21.0.3:17:5
MERGED from com.android.support:support-v4:23.1.0:22:5
MERGED from com.wang.avi:library:1.0.2:11:5
MERGED from com.android.support:appcompat-v7:23.1.0:22:5
MERGED from com.android.support:support-v4:23.1.0:22:5
MERGED from selfie_shot_MASTER:ImageViewTouch2:unspecified:11:5
MERGED from com.android.support:appcompat-v7:23.1.0:22:5
MERGED from com.android.support:support-v4:23.1.0:22:5
MERGED from com.android.support:appcompat-v7:23.1.0:22:5
MERGED from com.android.support:support-v4:23.1.0:22:5
MERGED from it.sephiroth.android.library.horizontallistview:hlistview:1.2.2:4:2
MERGED from com.android.support:support-v4:23.1.0:22:5
MERGED from com.facebook.android:facebook-android-sdk:4.7.0:28:5
MERGED from com.android.support:support-v4:23.1.0:22:5
MERGED from org.adw.library:discrete-seekbar:1.0.1:27:5
MERGED from com.android.support:support-v4:23.1.0:22:5
MERGED from com.android.support:appcompat-v7:23.1.0:22:5
MERGED from com.android.support:support-v4:23.1.0:22:5
MERGED from com.google.android.gms:play-services-ads:8.4.0:24:5
MERGED from com.google.android.gms:play-services-basement:8.4.0:20:5
MERGED from com.android.support:support-v4:23.1.0:22:5
MERGED from com.android.support:recyclerview-v7:21.0.3:17:5
MERGED from com.android.support:support-v4:23.1.0:22:5
MERGED from com.crashlytics.sdk.android:crashlytics:2.5.5:11:5
MERGED from com.crashlytics.sdk.android:answers:1.3.6:11:5
MERGED from io.fabric.sdk.android:fabric:1.3.10:27:5
MERGED from com.crashlytics.sdk.android:crashlytics-core:2.3.8:11:5
MERGED from com.crashlytics.sdk.android:answers:1.3.6:11:5
MERGED from io.fabric.sdk.android:fabric:1.3.10:27:5
MERGED from io.fabric.sdk.android:fabric:1.3.10:27:5
MERGED from io.fabric.sdk.android:fabric:1.3.10:27:5
MERGED from com.crashlytics.sdk.android:beta:1.1.4:11:5
MERGED from com.crashlytics.sdk.android:crashlytics-ndk:1.1.2:10:5
MERGED from io.fabric.sdk.android:fabric:1.3.10:27:5
MERGED from com.crashlytics.sdk.android:crashlytics-core:2.3.8:11:5
MERGED from com.crashlytics.sdk.android:answers:1.3.6:11:5
MERGED from io.fabric.sdk.android:fabric:1.3.10:27:5
MERGED from io.fabric.sdk.android:fabric:1.3.10:27:5
MERGED from com.wang.avi:library:1.0.2:11:5
MERGED from com.android.support:appcompat-v7:23.1.0:22:5
MERGED from com.android.support:support-v4:23.1.0:22:5
MERGED from org.adw.library:discrete-seekbar:1.0.1:27:5
MERGED from com.android.support:support-v4:23.1.0:22:5
	android:label
		ADDED from AndroidManifest.xml:17:9
	android:hardwareAccelerated
		ADDED from AndroidManifest.xml:14:9
	android:allowBackup
		ADDED from AndroidManifest.xml:13:9
	android:icon
		ADDED from AndroidManifest.xml:15:9
	android:largeHeap
		ADDED from AndroidManifest.xml:16:9
	android:theme
		ADDED from AndroidManifest.xml:18:9
meta-data#com.google.android.gms.version
ADDED from AndroidManifest.xml:20:9
MERGED from com.google.android.gms:play-services-basement:8.4.0:21:9
	android:value
		ADDED from AndroidManifest.xml:20:66
	android:name
		ADDED from AndroidManifest.xml:20:20
activity#com.baskan.activity.ActivityCamera
ADDED from AndroidManifest.xml:22:9
	android:label
		ADDED from AndroidManifest.xml:26:13
	android:theme
		ADDED from AndroidManifest.xml:24:13
	android:name
		ADDED from AndroidManifest.xml:23:13
intent-filter#android.intent.action.MAIN+android.intent.category.LAUNCHER
ADDED from AndroidManifest.xml:27:13
action#android.intent.action.MAIN
ADDED from AndroidManifest.xml:28:17
	android:name
		ADDED from AndroidManifest.xml:28:25
category#android.intent.category.LAUNCHER
ADDED from AndroidManifest.xml:30:17
	android:name
		ADDED from AndroidManifest.xml:30:27
activity#com.baskan.activity.ActivityShare
ADDED from AndroidManifest.xml:37:9
	android:screenOrientation
		ADDED from AndroidManifest.xml:40:13
	android:theme
		ADDED from AndroidManifest.xml:39:13
	android:name
		ADDED from AndroidManifest.xml:38:13
meta-data#io.fabric.ApiKey
ADDED from AndroidManifest.xml:43:9
	android:value
		ADDED from AndroidManifest.xml:45:13
	android:name
		ADDED from AndroidManifest.xml:44:13
uses-sdk
INJECTED from AndroidManifest.xml:0:0 reason: use-sdk injection requested
MERGED from selfie_shot_MASTER:library:unspecified:8:5
MERGED from com.android.support:recyclerview-v7:21.0.3:15:5
MERGED from com.android.support:support-v4:23.1.0:20:5
MERGED from com.wang.avi:library:1.0.2:7:5
MERGED from com.android.support:appcompat-v7:23.1.0:20:5
MERGED from com.android.support:support-v4:23.1.0:20:5
MERGED from selfie_shot_MASTER:ImageViewTouch2:unspecified:7:5
MERGED from com.android.support:appcompat-v7:23.1.0:20:5
MERGED from com.android.support:support-v4:23.1.0:20:5
MERGED from com.android.support:appcompat-v7:23.1.0:20:5
MERGED from com.android.support:support-v4:23.1.0:20:5
MERGED from it.sephiroth.android.library.horizontallistview:hlistview:1.2.2:2:5
MERGED from com.android.support:support-v4:23.1.0:20:5
MERGED from com.facebook.android:facebook-android-sdk:4.7.0:24:5
MERGED from com.android.support:support-v4:23.1.0:20:5
MERGED from org.adw.library:discrete-seekbar:1.0.1:23:5
MERGED from com.android.support:support-v4:23.1.0:20:5
MERGED from com.lantouzi.wheelview:library:1.1.1:8:5
MERGED from com.android.support:appcompat-v7:23.1.0:20:5
MERGED from com.android.support:support-v4:23.1.0:20:5
MERGED from com.google.android.gms:play-services-ads:8.4.0:23:5
MERGED from com.google.android.gms:play-services-basement:8.4.0:18:5
MERGED from com.android.support:support-v4:23.1.0:20:5
MERGED from com.android.support:recyclerview-v7:21.0.3:15:5
MERGED from com.android.support:support-v4:23.1.0:20:5
MERGED from com.crashlytics.sdk.android:crashlytics:2.5.5:7:5
MERGED from com.crashlytics.sdk.android:answers:1.3.6:7:5
MERGED from io.fabric.sdk.android:fabric:1.3.10:23:5
MERGED from com.crashlytics.sdk.android:crashlytics-core:2.3.8:7:5
MERGED from com.crashlytics.sdk.android:answers:1.3.6:7:5
MERGED from io.fabric.sdk.android:fabric:1.3.10:23:5
MERGED from io.fabric.sdk.android:fabric:1.3.10:23:5
MERGED from io.fabric.sdk.android:fabric:1.3.10:23:5
MERGED from com.crashlytics.sdk.android:beta:1.1.4:7:5
MERGED from com.crashlytics.sdk.android:crashlytics-ndk:1.1.2:8:5
MERGED from io.fabric.sdk.android:fabric:1.3.10:23:5
MERGED from com.crashlytics.sdk.android:crashlytics-core:2.3.8:7:5
MERGED from com.crashlytics.sdk.android:answers:1.3.6:7:5
MERGED from io.fabric.sdk.android:fabric:1.3.10:23:5
MERGED from io.fabric.sdk.android:fabric:1.3.10:23:5
MERGED from com.wang.avi:library:1.0.2:7:5
MERGED from com.android.support:appcompat-v7:23.1.0:20:5
MERGED from com.android.support:support-v4:23.1.0:20:5
MERGED from org.adw.library:discrete-seekbar:1.0.1:23:5
MERGED from com.android.support:support-v4:23.1.0:20:5
	android:targetSdkVersion
		INJECTED from AndroidManifest.xml:0:0
		INJECTED from AndroidManifest.xml:0:0
	android:minSdkVersion
		INJECTED from AndroidManifest.xml:0:0
		INJECTED from AndroidManifest.xml:0:0
activity#android.support.v7.widget.TestActivity
ADDED from com.android.support:recyclerview-v7:21.0.3:18:9
MERGED from com.android.support:recyclerview-v7:21.0.3:18:9
	android:label
		ADDED from com.android.support:recyclerview-v7:21.0.3:18:19
	android:name
		ADDED from com.android.support:recyclerview-v7:21.0.3:18:60
uses-permission#android.permission.ACCESS_NETWORK_STATE
ADDED from com.google.android.gms:play-services-ads:8.4.0:21:5
	android:name
		ADDED from com.google.android.gms:play-services-ads:8.4.0:21:22
activity#com.google.android.gms.ads.AdActivity
ADDED from com.google.android.gms:play-services-ads:8.4.0:26:9
	android:configChanges
		ADDED from com.google.android.gms:play-services-ads:8.4.0:28:13
	android:theme
		ADDED from com.google.android.gms:play-services-ads:8.4.0:29:13
	android:name
		ADDED from com.google.android.gms:play-services-ads:8.4.0:27:13
activity#com.google.android.gms.ads.purchase.InAppPurchaseActivity
ADDED from com.google.android.gms:play-services-ads:8.4.0:30:9
	android:theme
		ADDED from com.google.android.gms:play-services-ads:8.4.0:31:13
	android:name
		ADDED from com.google.android.gms:play-services-ads:8.4.0:30:19